<?xml version="1.0" encoding="UTF-8"?>
<!-- Generated by org.testng.reporters.JUnitReportReporter -->
<testsuite hostname="DESKTOP-8PB9TF0" failures="0" tests="3" name="apiautomationpractices.DataProviderEx1" time="2.623" errors="0" timestamp="2025-07-02T07:43:40 IST" skipped="0">
  <testcase classname="apiautomationpractices.DataProviderEx1" name="addBook" time="0.104"/>
  <testcase classname="apiautomationpractices.DataProviderEx1" name="addBook" time="2.399"/>
  <testcase classname="apiautomationpractices.DataProviderEx1" name="addBook" time="0.120"/>
</testsuite> <!-- apiautomationpractices.DataProviderEx1 -->
